<?xml version="1.0" encoding="UTF-8"?>
<!-- Generated by org.testng.reporters.JUnitReportReporter -->
<testsuite skipped="0" hostname="DESKTOP-EFCAI7I" name="com.salesforce.testcases.LoginTestCase" tests="1" failures="0" timestamp="2020-06-26T09:24:16 IST" time="3.538" errors="0">
  <testcase name="loginApplication" time="3.538" classname="com.salesforce.testcases.LoginTestCase"/>
  <system-out/>
</testsuite> <!-- com.salesforce.testcases.LoginTestCase -->
